Flutter crash report.
Please report a bug at https://github.com/flutter/flutter/issues.

## command

flutter run -d chrome

## exception

DartDevelopmentServiceException: DartDevelopmentServiceException: Failed to start Dart Development Service

```
```

## flutter doctor

```
[32m[✓][39m Flutter (Channel stable, 3.35.6, on Microsoft Windows [Version 10.0.26100.7171], locale en-MY) [1,351ms]
    [32m•[39m Flutter version 3.35.6 on channel stable at C:\flutter_windows_3.35.6-stable\flutter
    [32m•[39m Upstream repository https://github.com/flutter/flutter.git
    [32m•[39m Framework revision 9f455d2486 (8 weeks ago), 2025-10-08 14:55:31 -0500
    [32m•[39m Engine revision d2913632a4
    [32m•[39m Dart version 3.9.2
    [32m•[39m DevTools version 2.48.0
    [32m•[39m Feature flags: enable-web, enable-linux-desktop, enable-macos-desktop, enable-windows-desktop, enable-android, enable-ios,
      cli-animations, enable-lldb-debugging

[32m[✓][39m Windows Version (11 Home Single Language 64-bit, 24H2, 2009) [4.0s]

[32m[✓][39m Android toolchain - develop for Android devices (Android SDK version 36.1.0) [10.3s]
    [32m•[39m Android SDK at C:\Users\admin\AppData\Local\Android\Sdk
    [32m•[39m Emulator version 36.2.12.0 (build_id 14214601) (CL:N/A)
    [32m•[39m Platform android-36, build-tools 36.1.0
    [32m•[39m Java binary at: C:\Program Files\Android\Android Studio\jbr\bin\java
      This is the JDK bundled with the latest Android Studio installation on this machine.
      To manually set the JDK path, use: `flutter config --jdk-dir="path/to/jdk"`.
    [32m•[39m Java version OpenJDK Runtime Environment (build 21.0.8+-14018985-b1038.68)
    [32m•[39m All Android licenses accepted.

[32m[✓][39m Chrome - develop for the web [380ms]
    [32m•[39m Chrome at C:\Program Files\Google\Chrome\Application\chrome.exe

[32m[✓][39m Visual Studio - develop Windows apps (Visual Studio Community 2022 17.14.17) [378ms]
    [32m•[39m Visual Studio at C:\Program Files\Microsoft Visual Studio\2022\Community
    [32m•[39m Visual Studio Community 2022 version 17.14.36603.0
    [32m•[39m Windows 10 SDK version 10.0.26100.0

[32m[✓][39m Android Studio (version 2025.1.4) [22ms]
    [32m•[39m Android Studio at C:\Program Files\Android\Android Studio
    [32m•[39m Flutter plugin can be installed from:
      🔨 https://plugins.jetbrains.com/plugin/9212-flutter
    [32m•[39m Dart plugin can be installed from:
      🔨 https://plugins.jetbrains.com/plugin/6351-dart
    [32m•[39m Java version OpenJDK Runtime Environment (build 21.0.8+-14018985-b1038.68)

[32m[✓][39m VS Code (version 1.106.1) [14ms]
    [32m•[39m VS Code at C:\Users\admin\AppData\Local\Programs\Microsoft VS Code
    [32m•[39m Flutter extension version 3.124.0

[32m[✓][39m Connected device (3 available) [429ms]
    [32m•[39m Windows (desktop) • windows • windows-x64    • Microsoft Windows [Version 10.0.26100.7171]
    [32m•[39m Chrome (web)      • chrome  • web-javascript • Google Chrome 138.0.7204.184
    [32m•[39m Edge (web)        • edge    • web-javascript • Microsoft Edge 142.0.3595.94

[32m[✓][39m Network resources [645ms]
    [32m•[39m All expected network resources are available.

[32m•[39m No issues found!
```
